img added: http://i.imgur.com/JXy8FOo.gif
img added: http://i.imgur.com/lxRZDbV.gif
img added: http://i.imgur.com/RqNLO5J.gif
img added: http://i.imgur.com/BIcFUBb.gif
img added: http://i.imgur.com/o1n5J.gif
img added: http://i.imgur.com/rON2dv0.gif
img added: http://giant.gfycat.com/AppropriateLinedHypacrosaurus.gif
img added: http://i.minus.com/iiend79jjNHUA.gif
img added: http://i.imgur.com/UQwZdTu.gif
img added: http://i.imgur.com/9tqdSa7.gif
img added: http://37.media.tumblr.com/2ef3f125817ea9708a90872c4923c61c/tumblr_n15l5n02eK1qdlh1io1_400.gif
img added: http://i.imgur.com/C2CBhOd.gif
img added: http://i.imgur.com/1LKhsVp.gif
img added: https://lh6.googleusercontent.com/-WkGWlGKXvZU/U4WnXvAtNZI/AAAAAAADRtM/xMWcfiNDPlI/w426-h240-no/test.gif
img added: http://i.imgur.com/JsJflTY.gif
img added: http://i.imgur.com/ZArUA6X.gif
img added: http://gifsec.com/wp-content/uploads/GIF/2014/05/GIF-Chick-vs.-Cat.gif
img added: http://i.imgur.com/vFc8I2f.gif
img added: http://i.imgur.com/npZEnQ9.gif
img added: http://i.imgur.com/ajWkHY1.gif
img added: http://i.imgur.com/jZgqbDf.gif
img added: http://i.imgur.com/NAIKBDm.gif
img added: http://i.imgur.com/ttxg6Jg.gif
img added: http://i.imgur.com/kFdf2kM.gif
img added: http://i.imgur.com/6wRDC37.gif
img added: http://i.imgur.com/z1Gu22E.gif
img added: http://24.media.tumblr.com/e58f9265b940fe92a642eb624c0eda80/tumblr_n6btfc7K5l1s2yegdo1_400.gif
img added: http://i.imgur.com/JXy8FOo.gif
img added: http://i.imgur.com/1tVQfbe.gif
img added: http://i.imgur.com/BIcFUBb.gif
img added: http://i.imgur.com/lxRZDbV.gif
img added: http://i.imgur.com/RqNLO5J.gif
img added: http://i.imgur.com/o1n5J.gif
img added: http://i.imgur.com/NaGKnQ9.gif
img added: http://i.imgur.com/rON2dv0.gif
img added: http://giant.gfycat.com/AppropriateLinedHypacrosaurus.gif
img added: http://i.imgur.com/9tqdSa7.gif
img added: http://i.imgur.com/ZArUA6X.gif
img added: http://i.minus.com/iiend79jjNHUA.gif
img added: http://i.imgur.com/UQwZdTu.gif
img added: http://24.media.tumblr.com/eebd5caf0c3c2c46a65cb45a57bd6593/tumblr_n6bkz8aiqw1s02vreo1_400.gif
img added: http://i.imgur.com/JsJflTY.gif
img added: http://37.media.tumblr.com/2ef3f125817ea9708a90872c4923c61c/tumblr_n15l5n02eK1qdlh1io1_400.gif
img added: https://lh6.googleusercontent.com/-WkGWlGKXvZU/U4WnXvAtNZI/AAAAAAADRtM/xMWcfiNDPlI/w426-h240-no/test.gif
img added: http://i.imgur.com/1LKhsVp.gif
img added: http://x2.fjcdn.com/gifs/u+wot+m8_4be8dc_5162157.gif
img added: http://i.imgur.com/rS0N65z.jpg
img added: http://i.imgur.com/vFc8I2f.gif
img added: http://i.imgur.com/gYYC3US.gif
img added: http://i.imgur.com/OJb4rqh.gif
img added: http://i.imgur.com/TUPDUkA.gif
img added: http://i.kinja-img.com/gawker-media/image/upload/s--s3vp7qfL--/c_fit,fl_progressive,q_80,w_636/dwnjwc2kdnkt2th8gz1d.gif
img added: http://i.imgur.com/BHcpG.gif
img added: http://i.imgur.com/PtbZVv5.gif
img added: http://i.imgur.com/gYYC3US.gif
img added: http://i.imgur.com/NaGKnQ9.gif
img added: http://i.imgur.com/z1Gu22E.gif
img added: http://i.imgur.com/1tVQfbe.gif
img added: http://i.imgur.com/4fubSzc.gif
img added: http://24.media.tumblr.com/e58f9265b940fe92a642eb624c0eda80/tumblr_n6btfc7K5l1s2yegdo1_400.gif
img added: http://i.imgur.com/Ml3Fmy3.gif
img added: http://i.imgur.com/KlJ6GZF.gif
img added: http://i.minus.com/ilIIq6gi4vMa4.gif
img added: http://i.imgur.com/bXqNcPz.gif
img added: http://i.imgur.com/ilLpRD2.gif
img added: http://i.imgur.com/MFuXNXB.gif
img added: http://i.imgur.com/XCzwoXo.gif
img added: http://i.imgur.com/JXy8FOo.gif
img added: http://24.media.tumblr.com/e48acd4c34a62200a81df7259ab31d57/tumblr_n2kygg41US1rzgx44o1_400.gif
img added: http://i.imgur.com/PQM9KJ0.gif
img added: http://i.imgur.com/5VXw2ky.gif
img added: http://i.imgur.com/VeBV0zR.gif
img added: http://i.imgur.com/yLAnIiz.gif
img added: http://i.imgur.com/8ZVZEv4.gif
img added: http://i.imgur.com/eyQpFhY.gif
img added: http://i.imgur.com/dJXKJo7.gif
img added: http://i.imgur.com/lox5oEK.gif
img added: http://i.imgur.com/AxtcaDo.gif
img added: http://i.imgur.com/ZSYiOlH.gif
img added: http://i.imgur.com/e8Aw6h6.gif
img added: http://i.imgur.com/VeBV0zR.gif
img added: http://i.imgur.com/XCzwoXo.gif
img added: http://i.imgur.com/KlJ6GZF.gif
img added: http://i.imgur.com/TUPDUkA.gif
img added: http://i.imgur.com/oY5SGRr.gif
img added: http://i.minus.com/ilIIq6gi4vMa4.gif
img added: http://i.kinja-img.com/gawker-media/image/upload/s--s3vp7qfL--/c_fit,fl_progressive,q_80,w_636/dwnjwc2kdnkt2th8gz1d.gif
img added: http://i.imgur.com/BHcpG.gif
img added: http://i.imgur.com/AR5Hid3.gif
img added: http://i.imgur.com/4fubSzc.gif
img added: http://i.imgur.com/PtbZVv5.gif
img added: http://i.imgur.com/LYcKmlP.gif
img added: http://i.imgur.com/NaGKnQ9.gif
img added: http://i.imgur.com/Ml3Fmy3.gif
img added: http://i.imgur.com/gYYC3US.gif
img added: http://i.imgur.com/1tVQfbe.gif
img added: http://i.imgur.com/z1Gu22E.gif
img added: http://24.media.tumblr.com/e58f9265b940fe92a642eb624c0eda80/tumblr_n6btfc7K5l1s2yegdo1_400.gif
img added: http://i.imgur.com/7hjPuS5.gif
img added: https://i.imgur.com/4YAHbMj.gif
img added: http://i.imgur.com/dJXKJo7.gif
img added: http://i.imgur.com/lox5oEK.gif
img added: http://i.imgur.com/dJXKJo7.gif
img added: http://i.imgur.com/ZSYiOlH.gif
img added: http://i.imgur.com/lox5oEK.gif
img added: http://i.imgur.com/VeBV0zR.gif
img added: http://i.imgur.com/ZSYiOlH.gif
img added: http://i.imgur.com/XCzwoXo.gif
img added: http://i.imgur.com/VeBV0zR.gif
img added: http://i.imgur.com/KlJ6GZF.gif
img added: http://i.imgur.com/XCzwoXo.gif
img added: http://i.imgur.com/TUPDUkA.gif
img added: http://i.imgur.com/KlJ6GZF.gif
img added: http://i.imgur.com/oY5SGRr.gif
img added: http://i.imgur.com/TUPDUkA.gif
img added: http://i.imgur.com/oY5SGRr.gif
img added: http://i.minus.com/ilIIq6gi4vMa4.gif
img added: http://i.imgur.com/AR5Hid3.gif
img added: http://i.kinja-img.com/gawker-media/image/upload/s--s3vp7qfL--/c_fit,fl_progressive,q_80,w_636/dwnjwc2kdnkt2th8gz1d.gif
img added: http://i.imgur.com/BHcpG.gif
img added: http://i.imgur.com/4fubSzc.gif
img added: http://i.imgur.com/PtbZVv5.gif
img added: http://i.imgur.com/LYcKmlP.gif
img added: http://i.minus.com/ilIIq6gi4vMa4.gif
img added: http://i.imgur.com/NaGKnQ9.gif
img added: http://i.imgur.com/AR5Hid3.gif
img added: http://i.imgur.com/Ml3Fmy3.gif
img added: http://i.imgur.com/gYYC3US.gif
img added: http://i.imgur.com/1tVQfbe.gif
img added: http://i.imgur.com/z1Gu22E.gif
img added: http://i.imgur.com/yXh1DPz.gif
img added: http://i.kinja-img.com/gawker-media/image/upload/s--s3vp7qfL--/c_fit,fl_progressive,q_80,w_636/dwnjwc2kdnkt2th8gz1d.gif
img added: http://i.imgur.com/BHcpG.gif
img added: http://24.media.tumblr.com/e58f9265b940fe92a642eb624c0eda80/tumblr_n6btfc7K5l1s2yegdo1_400.gif
img added: http://i.imgur.com/4fubSzc.gif
img added: http://i.imgur.com/PtbZVv5.gif
img added: http://imgur.com/S9VZewr.gif
img added: http://i.imgur.com/LYcKmlP.gif
img added: http://i.imgur.com/XiuGbBf.gif
img added: http://i.imgur.com/7hjPuS5.gif
img added: http://i.imgur.com/NaGKnQ9.gif
img added: http://i.imgur.com/Ml3Fmy3.gif
img added: http://i.imgur.com/gYYC3US.gif
img added: http://i.imgur.com/1tVQfbe.gif
img added: http://i.imgur.com/z1Gu22E.gif
img added: http://i.imgur.com/yXh1DPz.gif
img added: http://24.media.tumblr.com/e58f9265b940fe92a642eb624c0eda80/tumblr_n6btfc7K5l1s2yegdo1_400.gif
img added: http://imgur.com/S9VZewr.gif
img added: http://i.imgur.com/XiuGbBf.gif
img added: http://i.imgur.com/7hjPuS5.gif
img added: http://i.imgur.com/dJXKJo7.gif
img added: http://i.imgur.com/lox5oEK.gif
img added: http://i.imgur.com/ZSYiOlH.gif
img added: http://i.imgur.com/VeBV0zR.gif
img added: http://i.imgur.com/XCzwoXo.gif
img added: http://i.imgur.com/KlJ6GZF.gif
img added: http://i.imgur.com/oY5SGRr.gif
img added: http://i.imgur.com/TUPDUkA.gif
img added: http://i.imgur.com/XiuGbBf.gif
img added: http://i.minus.com/ilIIq6gi4vMa4.gif
img added: http://i.imgur.com/AR5Hid3.gif
img added: http://i.kinja-img.com/gawker-media/image/upload/s--s3vp7qfL--/c_fit,fl_progressive,q_80,w_636/dwnjwc2kdnkt2th8gz1d.gif
img added: http://i.imgur.com/BHcpG.gif
img added: http://i.imgur.com/QWP98sk.gif
img added: http://i.imgur.com/4fubSzc.gif
img added: http://i.imgur.com/F0laNTw.gif
img added: http://i.imgur.com/LYcKmlP.gif
img added: http://i.imgur.com/PtbZVv5.gif
img added: http://i.imgur.com/NaGKnQ9.gif
img added: http://i.imgur.com/Ml3Fmy3.gif
img added: http://i.imgur.com/yXh1DPz.gif
img added: http://i.imgur.com/gYYC3US.gif
img added: http://i.imgur.com/JUwpx9e.gif
img added: http://i.imgur.com/1tVQfbe.gif
img added: http://i.imgur.com/z1Gu22E.gif
img added: http://i.imgur.com/dJXKJo7.gif
img added: http://i.imgur.com/lox5oEK.gif
img added: http://i.imgur.com/ZSYiOlH.gif
img added: http://i.imgur.com/dJXKJo7.gif
img added: http://i.imgur.com/lox5oEK.gif
img added: http://i.imgur.com/ZSYiOlH.gif
img added: http://i.imgur.com/VeBV0zR.gif
img added: http://i.imgur.com/VeBV0zR.gif
img added: http://i.imgur.com/XCzwoXo.gif
img added: http://i.imgur.com/XCzwoXo.gif
img added: http://i.imgur.com/KlJ6GZF.gif
img added: http://i.imgur.com/KlJ6GZF.gif
img added: http://i.imgur.com/oY5SGRr.gif
img added: http://i.imgur.com/oY5SGRr.gif
img added: http://i.imgur.com/TUPDUkA.gif
img added: http://i.imgur.com/TUPDUkA.gif
img added: http://i.imgur.com/XiuGbBf.gif
img added: http://i.imgur.com/XiuGbBf.gif
img added: http://i.minus.com/ilIIq6gi4vMa4.gif
img added: http://i.imgur.com/AR5Hid3.gif
img added: http://i.minus.com/ilIIq6gi4vMa4.gif
img added: http://i.imgur.com/AR5Hid3.gif
img added: http://i.kinja-img.com/gawker-media/image/upload/s--s3vp7qfL--/c_fit,fl_progressive,q_80,w_636/dwnjwc2kdnkt2th8gz1d.gif
img added: http://i.imgur.com/BHcpG.gif
img added: http://i.kinja-img.com/gawker-media/image/upload/s--s3vp7qfL--/c_fit,fl_progressive,q_80,w_636/dwnjwc2kdnkt2th8gz1d.gif
img added: http://i.imgur.com/BHcpG.gif
img added: http://i.imgur.com/QWP98sk.gif
img added: http://i.imgur.com/QWP98sk.gif
img added: http://i.imgur.com/4fubSzc.gif
img added: http://i.imgur.com/4fubSzc.gif
img added: http://i.imgur.com/F0laNTw.gif
img added: http://i.imgur.com/LYcKmlP.gif
img added: http://i.imgur.com/F0laNTw.gif
img added: http://i.imgur.com/LYcKmlP.gif
img added: http://i.imgur.com/PtbZVv5.gif
img added: http://i.imgur.com/PtbZVv5.gif
img added: http://i.imgur.com/NaGKnQ9.gif
img added: http://i.imgur.com/NaGKnQ9.gif
img added: http://i.imgur.com/Ml3Fmy3.gif
img added: http://i.imgur.com/Ml3Fmy3.gif
img added: http://i.imgur.com/yXh1DPz.gif
img added: http://i.imgur.com/yXh1DPz.gif
img added: http://i.imgur.com/gYYC3US.gif
img added: http://i.imgur.com/JUwpx9e.gif
img added: http://i.imgur.com/gYYC3US.gif
img added: http://i.imgur.com/1tVQfbe.gif
img added: http://i.imgur.com/JUwpx9e.gif
img added: http://i.imgur.com/z1Gu22E.gif
img added: http://i.imgur.com/1tVQfbe.gif
img added: http://i.imgur.com/z1Gu22E.gif
img added: http://i.imgur.com/dJXKJo7.gif
img added: http://i.imgur.com/lox5oEK.gif
img added: http://i.imgur.com/ZSYiOlH.gif
img added: http://i.imgur.com/VeBV0zR.gif
img added: http://i.imgur.com/XCzwoXo.gif
img added: http://i.imgur.com/KlJ6GZF.gif
img added: http://i.imgur.com/oY5SGRr.gif
img added: http://i.imgur.com/TUPDUkA.gif
img added: http://i.imgur.com/XiuGbBf.gif
img added: http://i.minus.com/ilIIq6gi4vMa4.gif
img added: http://i.imgur.com/AR5Hid3.gif
img added: http://i.kinja-img.com/gawker-media/image/upload/s--s3vp7qfL--/c_fit,fl_progressive,q_80,w_636/dwnjwc2kdnkt2th8gz1d.gif
img added: http://i.imgur.com/BHcpG.gif
img added: http://i.imgur.com/QWP98sk.gif
img added: http://i.imgur.com/4fubSzc.gif
img added: http://i.imgur.com/F0laNTw.gif
img added: http://i.imgur.com/LYcKmlP.gif
img added: http://i.imgur.com/PtbZVv5.gif
img added: http://i.imgur.com/NaGKnQ9.gif
img added: http://i.imgur.com/Ml3Fmy3.gif
img added: http://i.imgur.com/yXh1DPz.gif
img added: http://i.imgur.com/gYYC3US.gif
img added: http://i.imgur.com/JUwpx9e.gif
img added: http://i.imgur.com/1tVQfbe.gif
img added: http://i.imgur.com/z1Gu22E.gif
img added: http://i.imgur.com/XiuGbBf.gif
img added: http://i.imgur.com/XiuGbBf.gif
img added: http://i.imgur.com/dJXKJo7.gif
img added: http://i.imgur.com/dJXKJo7.gif
img added: http://i.imgur.com/VFzANgD.gif
img added: http://i.imgur.com/VFzANgD.gif
img added: http://i.imgur.com/QWP98sk.gif
img added: http://i.imgur.com/QWP98sk.gif
img added: http://i.imgur.com/F0laNTw.gif
img added: http://i.imgur.com/8ErmxIS.gif
img added: http://i.imgur.com/F0laNTw.gif
img added: http://i.imgur.com/DdRndkJ.gif
img added: http://i.imgur.com/8ErmxIS.gif
img added: http://i.imgur.com/JVgVELM.gif
img added: http://i.imgur.com/DdRndkJ.gif
img added: http://i.imgur.com/lox5oEK.gif
img added: http://i.imgur.com/JVgVELM.gif
img added: http://i.imgur.com/6bxgeeD.gif
img added: http://i.imgur.com/lox5oEK.gif
img added: https://i.imgur.com/y3ZKlDg.gif
img added: http://i.imgur.com/efZlbTa.gif
img added: http://i.imgur.com/6bxgeeD.gif
img added: http://i.imgur.com/ZSYiOlH.gif
img added: https://i.imgur.com/y3ZKlDg.gif
img added: http://i.imgur.com/RgX7qm0.gif
img added: http://i.imgur.com/JUwpx9e.gif
img added: http://i.imgur.com/efZlbTa.gif
img added: http://i.imgur.com/VeBV0zR.gif
img added: http://i.imgur.com/ZSYiOlH.gif
img added: http://i.imgur.com/P78gSlX.gif
img added: http://i.imgur.com/RgX7qm0.gif
img added: http://i.imgur.com/XCzwoXo.gif
img added: http://i.imgur.com/JUwpx9e.gif
img added: http://i.imgur.com/oY5SGRr.gif
img added: http://i.imgur.com/VeBV0zR.gif
img added: http://i.imgur.com/mK80mtk.gif
img added: http://i.imgur.com/P78gSlX.gif
img added: http://i.imgur.com/KlJ6GZF.gif
img added: http://i.imgur.com/XCzwoXo.gif
img added: http://i.imgur.com/AR5Hid3.gif
img added: http://i.imgur.com/oY5SGRr.gif
img added: http://imgur.com/j0DNXPa.gif
img added: http://i.imgur.com/mK80mtk.gif
img added: http://i.imgur.com/j9Amp8W.gif
img added: http://i.imgur.com/KlJ6GZF.gif
img added: http://i.imgur.com/TUPDUkA.gif
img added: http://i.imgur.com/AR5Hid3.gif
img added: http://imgur.com/j0DNXPa.gif
img added: http://i.imgur.com/j9Amp8W.gif
img added: http://i.imgur.com/TUPDUkA.gif
img added: http://i.imgur.com/VFzANgD.gif
img added: http://i.imgur.com/6bxgeeD.gif
img added: http://i.imgur.com/XiuGbBf.gif
img added: http://i.imgur.com/dJXKJo7.gif
img added: http://i.imgur.com/efZlbTa.gif
img added: http://i.imgur.com/QWP98sk.gif
img added: http://i.imgur.com/DdRndkJ.gif
img added: http://i.imgur.com/F0laNTw.gif
img added: http://i.imgur.com/8ErmxIS.gif
img added: http://i.imgur.com/JVgVELM.gif
img added: https://i.imgur.com/y3ZKlDg.gif
img added: http://i.imgur.com/RgX7qm0.gif
img added: http://i.imgur.com/lox5oEK.gif
img added: http://i.imgur.com/j9Amp8W.gif
img added: http://i.imgur.com/P78gSlX.gif
img added: http://imgur.com/j0DNXPa.gif
img added: http://i.imgur.com/ZSYiOlH.gif
img added: https://i.imgur.com/htX6Dfn.jpg
img added: http://i.imgur.com/JUwpx9e.gif
img added: http://giant.gfycat.com/AdmirableDapperIndianjackal.gif
img added: http://i.imgur.com/mK80mtk.gif
img added: http://giant.gfycat.com/GlaringLightheartedDarwinsfox.gif
img added: http://www.somegif.com/gifs/1364914815753992248.GIF
img added: http://i.imgur.com/fqnYHYv.gif
img added: http://i.imgur.com/VeBV0zR.gif
img added: http://i.imgur.com/EOGHXAc.gif
img added: http://i.imgur.com/4A7Yolq.gif
img added: http://i.imgur.com/V4tUVQn.gif
img added: http://i.imgur.com/6bxgeeD.gif
img added: http://i.imgur.com/VFzANgD.gif
img added: http://i.imgur.com/efZlbTa.gif
img added: http://i.imgur.com/sX2ue8M.gif
img added: http://i.imgur.com/XiuGbBf.gif
img added: http://i.imgur.com/DdRndkJ.gif
img added: http://i.imgur.com/QWP98sk.gif
img added: http://i.imgur.com/8ErmxIS.gif
img added: http://i.imgur.com/F0laNTw.gif
img added: http://i.imgur.com/JVgVELM.gif
img added: http://i.imgur.com/dJXKJo7.gif
img added: https://i.imgur.com/y3ZKlDg.gif
img added: https://i.imgur.com/htX6Dfn.jpg
img added: http://i.imgur.com/fqnYHYv.gif
img added: http://i.imgur.com/eOZQ7G4.gif
img added: http://i.imgur.com/oPULHPr.gif
img added: http://i.imgur.com/j9Amp8W.gif
img added: http://37.media.tumblr.com/051bc6f6e8c2ab30556c316c6cc79b40/tumblr_n6f5m1VtQf1s02vreo1_400.gif
img added: http://i1.kym-cdn.com/photos/images/original/000/764/950/1bc.gif
img added: http://i.imgur.com/4VQaoyc.gif
img added: http://giant.gfycat.com/AdmirableDapperIndianjackal.gif
img added: http://i.imgur.com/RgX7qm0.gif
img added: http://i.imgur.com/oc1uDj0.gif
img added: http://i.imgur.com/0uoaE1K.gif
img added: http://i.imgur.com/z85ihEI.gif
img added: http://i.imgur.com/sX2ue8M.gif
img added: http://i.imgur.com/V4tUVQn.gif
img added: http://i.imgur.com/9BTi6YJ.gif
img added: http://i.imgur.com/UKUIB2k.gif
img added: http://i.imgur.com/VSXdbQl.gif
img added: http://i.imgur.com/jlWV1Bi.gif
img added: http://i.imgur.com/AMj6aEv.gif
img added: http://i.imgur.com/17IDEAx.gif
img added: http://i.imgur.com/gS6ItY7.gif
img added: http://i.imgur.com/4A7Yolq.gif
img added: http://i.imgur.com/34777tx.gif
img added: http://i.imgur.com/dmULZVv.gif
img added: http://i.imgur.com/RToALrC.gif
img added: http://i.imgur.com/uk1zVWm.gif
img added: http://i.imgur.com/mCL9r6G.jpg
img added: http://i.imgur.com/lPYI0yE.gif
img added: http://i1.wp.com/buzz.io/wp-content/uploads/2014/05/give-me-a-hug.gif
img added: http://i.imgur.com/vQDv4R3.gif
img added: http://i.imgur.com/nxtWZjj.gif
img added: http://i.imgur.com/HDCQRK6.gif
img added: http://37.media.tumblr.com/051bc6f6e8c2ab30556c316c6cc79b40/tumblr_n6f5m1VtQf1s02vreo1_400.gif
img added: http://i.imgur.com/5c9kT5R.gif
img added: http://i.imgur.com/kqn8nGW.gif
img added: http://i.imgur.com/12KUHt6.gif
img added: http://i.imgur.com/fSvGF4p.gif
img added: http://a.fod4.com/misc/Tim%20Duncan%20Cure%20Baldness.gif
img added: http://giant.gfycat.com/OblongSlowCur.gif
img added: http://i.imgur.com/uk1zVWm.gif
img added: http://i.imgur.com/AWhFEFM.gif
img added: http://i.imgur.com/VWdRN3t.gif
img added: http://i.imgur.com/AMj6aEv.gif
img added: http://i.imgur.com/TIETJAF.gif
img added: http://i.imgur.com/dqIGU5g.gif
img added: http://i.imgur.com/QLUf3jk.gif
img added: http://i.imgur.com/oc1uDj0.gif
img added: http://i.imgur.com/9BTi6YJ.gif
img added: http://i.imgur.com/jlWV1Bi.gif
img added: http://i.imgur.com/0uoaE1K.gif
img added: http://i.imgur.com/z85ihEI.gif
img added: http://i.imgur.com/dmULZVv.gif
img added: http://i.imgur.com/9HwUmYY.gif
img added: http://i.imgur.com/ZxcfFhE.gif
img added: http://i.imgur.com/UKUIB2k.gif
img added: http://i.imgur.com/oZtpGZo.gif
img added: http://i.imgur.com/VSXdbQl.gif
img added: http://i.imgur.com/sX2ue8M.gif
img added: http://i.imgur.com/aNTeKAC.gif
img added: http://i.imgur.com/CG5BBVz.gif
img added: http://imgur.com/FR997XU.gif
img added: http://i.imgur.com/aNTeKAC.gif
img added: http://i.imgur.com/mLsgfh7.gif
img added: http://i.imgur.com/sagszSn.gif
img added: http://i.imgur.com/9HwUmYY.gif
img added: http://i.imgur.com/AWhFEFM.gif
img added: http://giant.gfycat.com/OblongSlowCur.gif
img added: http://i.imgur.com/dqIGU5g.gif
img added: http://i.imgur.com/tc4vTFQ.gif
img added: http://a.fod4.com/misc/Tim%20Duncan%20Cure%20Baldness.gif
img added: http://i.imgur.com/VWdRN3t.gif
img added: http://i.imgur.com/5grbIOG.gif
img added: http://imgur.com/CGdS6HL.gif
img added: http://i.imgur.com/XeZs2Nj.gif
img added: http://i.imgur.com/O2PZvBZ.gif
img added: http://i.imgur.com/7z1b6GP.gif
img added: http://i.imgur.com/Or6pWkP.gif
img added: http://i.imgur.com/kqn8nGW.gif
img added: http://i.imgur.com/z5e1z0g.gif
img added: http://i.imgur.com/TIETJAF.gif
img added: http://i.imgur.com/AZECmRX.gif
img added: http://i.imgur.com/12KUHt6.gif
img added: http://i.imgur.com/4TVqMLq.gif
img added: http://i.imgur.com/fSvGF4p.gif
img added: http://i.imgur.com/LCSpDqC.gif
img added: http://i.imgur.com/XeZs2Nj.gif
img added: http://i.imgur.com/5grbIOG.gif
img added: http://i.imgur.com/mLsgfh7.gif
img added: http://imgur.com/FR997XU.gif
img added: http://i.imgur.com/CmLYbTR.gif
img added: http://media.giphy.com/media/gw3E9fLBd6aBqP84/giphy.gif
img added: http://i.imgur.com/LAX573U.gif
img added: http://i.imgur.com/CG5BBVz.gif
img added: http://i.imgur.com/ywiQTFu.gif
img added: http://stream1.gifsoup.com/view7/2807700/ferrofluid-o.gif
img added: http://i.imgur.com/c1MmElG.gif
img added: http://i.imgur.com/aNTeKAC.gif
img added: http://i.imgur.com/sagszSn.gif
img added: http://i.imgur.com/9HwUmYY.gif
img added: http://i.imgur.com/O2PZvBZ.gif
img added: http://i.imgur.com/AWhFEFM.gif
img added: http://i.imgur.com/tc4vTFQ.gif
img added: http://giant.gfycat.com/OblongSlowCur.gif
img added: http://i.imgur.com/QKlJwK9.gif
img added: http://imgur.com/CGdS6HL.gif
img added: http://i.imgur.com/dqIGU5g.gif
img added: http://i.imgur.com/pxo8AgM.gif
img added: http://i.imgur.com/Z5zLMvV.gif
img added: http://a.fod4.com/misc/Tim%20Duncan%20Cure%20Baldness.gif
img added: http://i.imgur.com/xq0b2KQ.gif
img added: http://i.imgur.com/v4inNXM.gif
img added: http://i.imgur.com/hxFKHO5.gif
img added: http://i.imgur.com/CmLYbTR.gif
img added: http://i.imgur.com/pxo8AgM.gif
img added: http://i.imgur.com/LCSpDqC.gif
img added: http://i.imgur.com/XVCo4tO.gif
img added: http://i.imgur.com/ywiQTFu.gif
img added: http://media.giphy.com/media/gw3E9fLBd6aBqP84/giphy.gif
img added: http://i.imgur.com/c1MmElG.gif
img added: http://i.imgur.com/QKlJwK9.gif
img added: http://i.imgur.com/QxgC6oE.gif
img added: http://i.imgur.com/osXHvyl.gif
img added: http://31.media.tumblr.com/685698251f55bc3dfda8e967c6c4b4e1/tumblr_n6iqkqNsOF1s02vreo1_400.gif
img added: http://giant.gfycat.com/HomelyCluelessBat.gif
img added: http://i.imgur.com/XeZs2Nj.gif
img added: http://imgur.com/eG6Xk1E.gif
img added: http://37.media.tumblr.com/030003dc8e192b353413866f5eb2e3d5/tumblr_n6kj92MPgz1s02vreo1_400.gif
img added: http://i.imgur.com/5grbIOG.gif
img added: http://i.imgur.com/mLsgfh7.gif
img added: http://i.imgur.com/cMngnqI.gif
img added: http://i.imgur.com/8sPMK2J.gif
img added: http://imgur.com/FR997XU.gif
img added: http://i.imgur.com/V1AFbl2.gif
img added: http://i.imgur.com/prh1dG0.gif
img added: http://i.imgur.com/HSUukmX.gif
img added: http://i.imgur.com/2BZnIWV.gif
img added: http://i.imgur.com/prh1dG0.gif
img added: http://imgur.com/kUtbGgX.gif
img added: http://i.imgur.com/D8drYAU.gif
img added: http://i.imgur.com/5a3KIYX.gif
img added: http://i.imgur.com/xq0b2KQ.gif
img added: http://i.imgur.com/v4inNXM.gif
img added: http://i.imgur.com/6PJGwpJ.gif
img added: http://i.imgur.com/XVCo4tO.gif
img added: http://i.imgur.com/G5aU1MO.gif
img added: http://i.imgur.com/nHyymAB.gif
img added: http://i.imgur.com/cMngnqI.gif
img added: http://i.imgur.com/hxFKHO5.gif
img added: http://i.imgur.com/BWAHZzK.gif
img added: http://giant.gfycat.com/HomelyCluelessBat.gif
img added: http://i.imgur.com/pxo8AgM.gif
img added: http://i.imgur.com/QxgC6oE.gif
img added: http://i.imgur.com/CmLYbTR.gif
img added: http://37.media.tumblr.com/030003dc8e192b353413866f5eb2e3d5/tumblr_n6kj92MPgz1s02vreo1_400.gif
img added: http://i.imgur.com/LCSpDqC.gif
img added: http://i.imgur.com/h18gNOG.gif
img added: http://i.imgur.com/b85Hwyv.gif
img added: http://i.imgur.com/ywiQTFu.gif
img added: http://i.imgur.com/osXHvyl.gif
img added: http://i.imgur.com/banphE2.gif
img added: http://imgur.com/VTdwW8K.gif
img added: http://i.imgur.com/PQ8WXtA.gif
img added: http://i.imgur.com/BWAHZzK.gif
img added: http://i.imgur.com/Cii5OXw.gif
img added: http://i.imgur.com/AXqjUTK.gif
img added: http://i.imgur.com/5a3KIYX.gif
img added: http://i.imgur.com/WEiYAP3.gif
img added: http://i.imgur.com/KpX49Zt.gif
img added: http://imgur.com/kUtbGgX.gif
img added: http://i.imgur.com/qd8Yl5W.gif
img added: http://i.imgur.com/HSUukmX.gif
img added: http://i.imgur.com/2BZnIWV.gif
img added: http://i.imgur.com/6PJGwpJ.gif
img added: http://giant.gfycat.com/AcclaimedClumsyAplomadofalcon.gif
img added: http://i.imgur.com/fyWHOdJ.gif
img added: http://giant.gfycat.com/OblongBlackandwhiteAfricanrockpython.gif
img added: https://i.imgur.com/KldWzsK.gif
img added: http://i.imgur.com/irBVTax.gif
img added: http://i.imgur.com/ASFtyR1.gif
img added: http://i.imgur.com/prh1dG0.gif
img added: http://www.orkugifs.com/en/images/Baking-cookies_1641.gif
img added: http://i.imgur.com/ODNzmIP.gif
img added: http://37.media.tumblr.com/e95d6bcdf20bb36710d3c1465502d306/tumblr_n6lyg7iLuv1s02vreo1_400.gif
img added: http://i.imgur.com/U8sFAEj.gif
img added: http://i.imgur.com/C9vOh85.gif
img added: http://i.imgur.com/rr1Z6Oi.gif
img added: https://i.imgur.com/KldWzsK.gif
img added: http://i.imgur.com/Cii5OXw.gif
img added: http://i.imgur.com/4wfQylP.gif
img added: http://i.imgur.com/IXGSNHc.gif
img added: http://i.imgur.com/banphE2.gif
img added: http://i.imgur.com/BcjsSMW.gif
img added: http://i.imgur.com/nVGhqvV.gif
img added: http://giant.gfycat.com/AcclaimedClumsyAplomadofalcon.gif
img added: http://i.imgur.com/rE2xgcK.gif
img added: http://i.imgur.com/ASFtyR1.gif
img added: http://imgur.com/VTdwW8K.gif
img added: http://i.imgur.com/WEiYAP3.gif
img added: http://i.imgur.com/PQ8WXtA.gif
img added: http://i.imgur.com/fyWHOdJ.gif
img added: http://i.imgur.com/BWAHZzK.gif
img added: http://i.imgur.com/sfjeijE.gif
img added: http://i.imgur.com/KpX49Zt.gif
img added: http://i.imgur.com/qd8Yl5W.gif
img added: http://i.imgur.com/AXqjUTK.gif
img added: http://i.imgur.com/Gv9vD0K.gif
img added: http://i.imgur.com/qLo6kP9.gif
img added: http://i.imgur.com/5a3KIYX.gif
img added: http://i.imgur.com/DOXRhBf.gif
img added: http://i.imgur.com/wV6UCwW.gif
img added: http://i.imgur.com/b3TAFZ4.gif
img added: http://giant.gfycat.com/PolishedEmotionalAsianelephant.gif
img added: http://i.imgur.com/htXA4tR.gif
img added: http://i.imgur.com/kKI5YzH.gif
img added: http://i.imgur.com/DJlJtE8.gif
img added: http://i.imgur.com/L3xKvZO.gif
img added: http://i.imgur.com/C9vOh85.gif
img added: http://i.imgur.com/rr1Z6Oi.gif
img added: https://i.imgur.com/CgUz5ah.gif
img added: http://i.imgur.com/kss8MTp.gif
img added: http://i.imgur.com/nVGhqvV.gif
img added: http://i.imgur.com/BcjsSMW.gif
img added: http://i.imgur.com/IF5789b.gif
img added: http://i.imgur.com/rE2xgcK.gif
img added: http://37.media.tumblr.com/d3657c13a442b67313d00fe05a1d960b/tumblr_n6nmxbY20M1s2yegdo1_400.gif
img added: http://i.imgur.com/Gv9vD0K.gif
img added: http://i.imgur.com/sfjeijE.gif
img added: http://i.imgur.com/MOZCosu.gif
img added: http://i.imgur.com/IXGSNHc.gif
img added: http://i.imgur.com/DOXRhBf.gif
img added: https://i.imgur.com/KldWzsK.gif
img added: http://i.imgur.com/3N603B0.gif
img added: http://i.imgur.com/Cii5OXw.gif
img added: http://i.imgur.com/V92DqAr.gif
img added: http://i.imgur.com/y17zN.gif
img added: http://i.imgur.com/9zTcJju.gif
img added: http://i.imgur.com/HJomvbL.gif
img added: https://i.imgur.com/qdP0sLx.gif
img added: http://giant.gfycat.com/NeatGranularErin.gif
img added: http://www.imgur.com/WMn9iVC.gif
img added: http://i.imgur.com/RZon0w3.gif
img added: http://i.imgur.com/IF5789b.gif
img added: http://i.imgur.com/3N603B0.gif
img added: http://i.imgur.com/E34EaHb.gif
img added: http://i.imgur.com/L3xKvZO.gif
img added: http://giant.gfycat.com/PolishedEmotionalAsianelephant.gif
img added: http://i.imgur.com/wV6UCwW.gif
img added: http://i.imgur.com/b3TAFZ4.gif
img added: https://i.imgur.com/CgUz5ah.gif
img added: http://i.imgur.com/SzF4ZxJ.gif
img added: http://i.imgur.com/htXA4tR.gif
img added: http://i.imgur.com/kKI5YzH.gif
img added: http://i.giflike.com/cXtG4qw.gif
img added: http://i.imgur.com/MAuELOJ.gif
img added: http://i.imgur.com/DJlJtE8.gif
img added: http://i.imgur.com/V92DqAr.gif
img added: http://i.imgur.com/C9vOh85.gif
img added: http://i.imgur.com/s6fUhL0.gif
img added: http://giant.gfycat.com/HopefulCompassionateBonobo.gif
img added: http://i.imgur.com/oyt2T42.gif
img added: http://i.imgur.com/bZcRPFL.gif
img added: http://i.giflike.com/fIkeZHO.gif
img added: http://i.imgur.com/hlxjgwy.gif
img added: http://i.imgur.com/MAuELOJ.gif
img added: http://imgur.com/Qewrq4x.gif
img added: http://i.imgur.com/DigkZGS.gif
img added: http://i.imgur.com/6wjIxhf.gif
img added: http://giant.gfycat.com/DeliriousAncientDrongo.gif
img added: http://i.giflike.com/cXtG4qw.gif
img added: http://i.imgur.com/rU62llF.gif
img added: http://i.imgur.com/E34EaHb.gif
img added: http://i.imgur.com/HJomvbL.gif
img added: http://giant.gfycat.com/NeatGranularErin.gif
img added: http://i.imgur.com/RZon0w3.gif
img added: http://i.imgur.com/9zTcJju.gif
img added: http://i.imgur.com/y17zN.gif
img added: http://media-cache-cd0.pinimg.com/originals/ff/0f/96/ff0f96f3c97442e8a1af848194d1a156.jpg
img added: http://i.imgur.com/jr5KQfj.gif
img added: https://i.imgur.com/qdP0sLx.gif
img added: http://i.imgur.com/SzF4ZxJ.gif
img added: http://i.imgur.com/FDSCAf0.gif
img added: http://i.imgur.com/ItPpRwJ.gif
img added: http://i.imgur.com/AoYva9z.gif
img added: http://www.imgur.com/WMn9iVC.gif
img added: http://i.imgur.com/WGH6qw7.gif
img added: http://i.imgur.com/WgiucfU.gif
img added: http://24.media.tumblr.com/50201cb9da66b5c6296bb19e6a2f48ac/tumblr_n6q8plq18o1s02vreo1_400.gif
img added: http://i.imgur.com/ROv97ys.gif
img added: http://i.imgur.com/DigkZGS.gif
img added: http://i.imgur.com/bZcRPFL.gif
img added: http://i.imgur.com/oyt2T42.gif
img added: http://i.imgur.com/2CKHR7q.gif
img added: http://i.imgur.com/eCQLw7E.gif
img added: http://puu.sh/9fmkK/b9e26b38c5.gif
img added: http://i.imgur.com/Ydjq0uL.gif
img added: http://i.giflike.com/fIkeZHO.gif
img added: http://i.imgur.com/hlxjgwy.gif
img added: http://i.imgur.com/rU62llF.gif
img added: http://i.imgur.com/6wjIxhf.gif
img added: http://i.imgur.com/MAuELOJ.gif
img added: http://imgur.com/Qewrq4x.gif
img added: http://giant.gfycat.com/DeliriousAncientDrongo.gif
img added: http://i.imgur.com/54xAusJ.gif
img added: http://imgur.com/jriaw1C.gif
img added: http://i.giflike.com/cXtG4qw.gif
img added: http://i.imgur.com/FDSCAf0.gif
img added: http://i.imgur.com/udLd3CZ.gif
img added: http://i.imgur.com/E34EaHb.gif
img added: http://i.imgur.com/HJomvbL.gif
img added: http://i.imgur.com/9tdBQfN.gif
img added: http://i.imgur.com/pIxorOD.gif
img added: http://i.imgur.com/Ydjq0uL.gif
img added: http://giant.gfycat.com/WarmIdleBlackbird.gif
img added: http://24.media.tumblr.com/50201cb9da66b5c6296bb19e6a2f48ac/tumblr_n6q8plq18o1s02vreo1_400.gif
img added: http://i.imgur.com/WGH6qw7.gif
img added: http://i.imgur.com/WgiucfU.gif
img added: http://i.imgur.com/69JETSV.gif
img added: http://imgur.com/jriaw1C.gif
img added: http://imgur.com/2IoQ8uD.gif
img added: http://i.imgur.com/mBKqCPU.gif
img added: http://i.imgur.com/eCQLw7E.gif
img added: http://s3-ec.buzzfed.com/static/2013-12/enhanced/webdr02/3/12/anigif_enhanced-buzz-3416-1386091398-5.gif
img added: http://i.imgur.com/RVq7gty.gif
img added: http://giant.gfycat.com/UnlinedSneakyGemsbok.gif
img added: http://puu.sh/9fmkK/b9e26b38c5.gif
img added: http://i.imgur.com/ROv97ys.gif
img added: http://i.imgur.com/JtRxYKV.gif
img added: http://i.imgur.com/Ofs6PFq.gif
img added: http://i.imgur.com/koqX6Qk.gif
img added: http://i.imgur.com/bo8ysU4.gif
img added: http://i.imgur.com/DigkZGS.gif
img added: http://i.imgur.com/7VXXwbu.gif
img added: http://i.imgur.com/lx8APaI.gif
img added: http://37.media.tumblr.com/cefc5879914b4b0e4f9fac0a082e3975/tumblr_n6pbogM8Iy1s0mbfho1_400.gif
